<?xml version="1.0" encoding="UTF-8"?>
<!-- Generated by org.testng.reporters.JUnitXMLReporter -->
<testsuite ignored="0" hostname="Kavya" failures="0" tests="9" name="Test" time="5.07" errors="0" timestamp="2023-04-07T22:11:20 IST">
  <testcase classname="com.ohrm.testcases.LoginPageTest" name="@BeforeMethod launchBrowser" time="3.707">
    <failure type="org.openqa.selenium.remote.http.ConnectionFailedException" message="Unable to establish websocket connection to http://localhost:53677/devtools/browser/9ac44a57-deb5-4716-9e52-f4591bfee87c
Build info: version: &amp;apos;4.7.0&amp;apos;, revision: &amp;apos;0a5b49d16f&amp;apos;
System info: os.name: &amp;apos;Windows 11&amp;apos;, os.arch: &amp;apos;amd64&amp;apos;, os.version: &amp;apos;10.0&amp;apos;, java.version: &amp;apos;17.0.5&amp;apos;
Driver info: driver.version: ChromeDriver">
      <![CDATA[org.openqa.selenium.remote.http.ConnectionFailedException: Unable to establish websocket connection to http://localhost:53677/devtools/browser/9ac44a57-deb5-4716-9e52-f4591bfee87c
Build info: version: '4.7.0', revision: '0a5b49d16f'
System info: os.name: 'Windows 11', os.arch: 'amd64', os.version: '10.0', java.version: '17.0.5'
Driver info: driver.version: ChromeDriver
at org.openqa.selenium.remote.http.netty.NettyWebSocket.<init>(NettyWebSocket.java:102)
at org.openqa.selenium.remote.http.netty.NettyWebSocket.lambda$create$3(NettyWebSocket.java:128)
at org.openqa.selenium.remote.http.netty.NettyClient.openSocket(NettyClient.java:107)
at org.openqa.selenium.devtools.Connection.<init>(Connection.java:77)
at org.openqa.selenium.chromium.ChromiumDriver.lambda$new$2(ChromiumDriver.java:116)
at java.base/java.util.Optional.map(Optional.java:260)
at org.openqa.selenium.chromium.ChromiumDriver.<init>(ChromiumDriver.java:114)
at org.openqa.selenium.chrome.ChromeDriver.<init>(ChromeDriver.java:81)
at org.openqa.selenium.chrome.ChromeDriver.<init>(ChromeDriver.java:49)
at com.ohrm.base.OHRMBase.initialization(OHRMBase.java:18)
at com.ohrm.testcases.LoginPageTest.launchBrowser(LoginPageTest.java:19)
at java.base/java.util.ArrayList.forEach(ArrayList.java:1511)
... Removed 35 stack frames]]>
    </failure>
  </testcase> <!-- @BeforeMethod launchBrowser -->
  <testcase classname="com.ohrm.testcases.LoginPageTest" name="@AfterMethod closeBrowser" time="-1.680885679309E9">
    <skipped/>
  </testcase> <!-- @AfterMethod closeBrowser -->
  <testcase classname="com.ohrm.testcases.LoginPageTest" name="@BeforeMethod launchBrowser" time="-1.68088567931E9">
    <skipped/>
  </testcase> <!-- @BeforeMethod launchBrowser -->
  <testcase classname="com.ohrm.testcases.LoginPageTest" name="@AfterMethod closeBrowser" time="-1.68088567931E9">
    <skipped/>
  </testcase> <!-- @AfterMethod closeBrowser -->
  <testcase classname="com.ohrm.testcases.LoginPageTest" name="@BeforeMethod launchBrowser" time="-1.680885679311E9">
    <skipped/>
  </testcase> <!-- @BeforeMethod launchBrowser -->
  <testcase classname="com.ohrm.testcases.LoginPageTest" name="@AfterMethod closeBrowser" time="-1.680885679311E9">
    <skipped/>
  </testcase> <!-- @AfterMethod closeBrowser -->
  <testcase classname="com.ohrm.testcases.LoginPageTest" name="@BeforeMethod launchBrowser" time="-1.680885679312E9">
    <skipped/>
  </testcase> <!-- @BeforeMethod launchBrowser -->
  <testcase classname="com.ohrm.testcases.LoginPageTest" name="@AfterMethod closeBrowser" time="-1.680885679312E9">
    <skipped/>
  </testcase> <!-- @AfterMethod closeBrowser -->
  <testcase classname="com.ohrm.testcases.DashboardPageTest" name="@BeforeMethod browserConfig" time="1.31">
    <failure type="org.openqa.selenium.remote.http.ConnectionFailedException" message="Unable to establish websocket connection to http://localhost:53691/devtools/browser/375932ce-dca5-4978-a185-0f299f482cce
Build info: version: &amp;apos;4.7.0&amp;apos;, revision: &amp;apos;0a5b49d16f&amp;apos;
System info: os.name: &amp;apos;Windows 11&amp;apos;, os.arch: &amp;apos;amd64&amp;apos;, os.version: &amp;apos;10.0&amp;apos;, java.version: &amp;apos;17.0.5&amp;apos;
Driver info: driver.version: ChromeDriver">
      <![CDATA[org.openqa.selenium.remote.http.ConnectionFailedException: Unable to establish websocket connection to http://localhost:53691/devtools/browser/375932ce-dca5-4978-a185-0f299f482cce
Build info: version: '4.7.0', revision: '0a5b49d16f'
System info: os.name: 'Windows 11', os.arch: 'amd64', os.version: '10.0', java.version: '17.0.5'
Driver info: driver.version: ChromeDriver
at org.openqa.selenium.remote.http.netty.NettyWebSocket.<init>(NettyWebSocket.java:102)
at org.openqa.selenium.remote.http.netty.NettyWebSocket.lambda$create$3(NettyWebSocket.java:128)
at org.openqa.selenium.remote.http.netty.NettyClient.openSocket(NettyClient.java:107)
at org.openqa.selenium.devtools.Connection.<init>(Connection.java:77)
at org.openqa.selenium.chromium.ChromiumDriver.lambda$new$2(ChromiumDriver.java:116)
at java.base/java.util.Optional.map(Optional.java:260)
at org.openqa.selenium.chromium.ChromiumDriver.<init>(ChromiumDriver.java:114)
at org.openqa.selenium.chrome.ChromeDriver.<init>(ChromeDriver.java:81)
at org.openqa.selenium.chrome.ChromeDriver.<init>(ChromeDriver.java:49)
at com.ohrm.base.OHRMBase.initialization(OHRMBase.java:18)
at com.ohrm.testcases.DashboardPageTest.browserConfig(DashboardPageTest.java:19)
at java.base/java.util.ArrayList.forEach(ArrayList.java:1511)
... Removed 35 stack frames]]>
    </failure>
  </testcase> <!-- @BeforeMethod browserConfig -->
  <testcase classname="com.ohrm.testcases.DashboardPageTest" name="@AfterMethod closeSetUp" time="-1.680885680627E9">
    <skipped/>
  </testcase> <!-- @AfterMethod closeSetUp -->
  <testcase classname="com.ohrm.testcases.DashboardPageTest" name="@BeforeMethod browserConfig" time="-1.680885680627E9">
    <skipped/>
  </testcase> <!-- @BeforeMethod browserConfig -->
  <testcase classname="com.ohrm.testcases.DashboardPageTest" name="@AfterMethod closeSetUp" time="-1.680885680628E9">
    <skipped/>
  </testcase> <!-- @AfterMethod closeSetUp -->
  <testcase classname="com.ohrm.testcases.DashboardPageTest" name="@BeforeMethod browserConfig" time="-1.68088568063E9">
    <skipped/>
  </testcase> <!-- @BeforeMethod browserConfig -->
  <testcase classname="com.ohrm.testcases.DashboardPageTest" name="@AfterMethod closeSetUp" time="-1.68088568063E9">
    <skipped/>
  </testcase> <!-- @AfterMethod closeSetUp -->
  <testcase classname="com.ohrm.testcases.DashboardPageTest" name="@BeforeMethod browserConfig" time="-1.680885680631E9">
    <skipped/>
  </testcase> <!-- @BeforeMethod browserConfig -->
  <testcase classname="com.ohrm.testcases.DashboardPageTest" name="@AfterMethod closeSetUp" time="-1.680885680631E9">
    <skipped/>
  </testcase> <!-- @AfterMethod closeSetUp -->
  <testcase classname="com.ohrm.testcases.DashboardPageTest" name="@BeforeMethod browserConfig" time="-1.680885680635E9">
    <skipped/>
  </testcase> <!-- @BeforeMethod browserConfig -->
  <testcase classname="com.ohrm.testcases.DashboardPageTest" name="@AfterMethod closeSetUp" time="-1.680885680636E9">
    <skipped/>
  </testcase> <!-- @AfterMethod closeSetUp -->
  <testcase classname="com.ohrm.testcases.LoginPageTest" name="CompanyLinkTest" time="0.0">
    <skipped/>
  </testcase> <!-- CompanyLinkTest -->
  <testcase classname="com.ohrm.testcases.LoginPageTest" name="ForgotPasswordLinkTest" time="0.0">
    <skipped/>
  </testcase> <!-- ForgotPasswordLinkTest -->
  <testcase classname="com.ohrm.testcases.LoginPageTest" name="validateLoginTest" time="0.0">
    <skipped/>
  </testcase> <!-- validateLoginTest -->
  <testcase classname="com.ohrm.testcases.LoginPageTest" name="validateTitleTest" time="0.0">
    <skipped/>
  </testcase> <!-- validateTitleTest -->
  <testcase classname="com.ohrm.testcases.DashboardPageTest" name="BuzzLatepostsection" time="0.0">
    <skipped/>
  </testcase> <!-- BuzzLatepostsection -->
  <testcase classname="com.ohrm.testcases.DashboardPageTest" name="EmployeeDistributionbyLocationSection" time="0.0">
    <skipped/>
  </testcase> <!-- EmployeeDistributionbyLocationSection -->
  <testcase classname="com.ohrm.testcases.DashboardPageTest" name="EmployeesonLeaveTodaySection" time="0.0">
    <skipped/>
  </testcase> <!-- EmployeesonLeaveTodaySection -->
  <testcase classname="com.ohrm.testcases.DashboardPageTest" name="QuickLaunchSection" time="0.0">
    <skipped/>
  </testcase> <!-- QuickLaunchSection -->
  <testcase classname="com.ohrm.testcases.DashboardPageTest" name="myActionSection" time="0.0">
    <skipped/>
  </testcase> <!-- myActionSection -->
</testsuite> <!-- Test -->
